SylvacCalipers/build/intermediates/manifest_merge_blame_file/Nexus5API23Release/manifest-merger-blame-Nexus5API23-release-report.txt
1<?xml version="1.0" encoding="utf-8"?>
2<manifest xmlns:android="http://schemas.android.com/apk/res/android"
3    package="com.patrick.Sylvac_Calipers"
4    android:versionName="1.3" >
5
6    <uses-sdk
7        android:minSdkVersion="23"
7-->src\main\AndroidManifest.xml
8        android:targetSdkVersion="23" />
8-->src\main\AndroidManifest.xml
9
10    <uses-permission android:name="android.permission.BLUETOOTH" />
10-->src\main\AndroidManifest.xml:6:5-67
10-->src\main\AndroidManifest.xml:6:22-65
11    <uses-permission android:name="android.permission.BLUETOOTH_ADMIN" />
11-->src\main\AndroidManifest.xml:7:5-73
11-->src\main\AndroidManifest.xml:7:22-71
12    <uses-permission android:name="android.permission.ACCESS_COARSE_LOCATION" />
12-->src\main\AndroidManifest.xml:8:5-81
12-->src\main\AndroidManifest.xml:8:22-78
13    <uses-permission android:name="android.permission.WRITE_EXTERNAL_STORAGE" />
13-->src\main\AndroidManifest.xml:9:5-81
13-->src\main\AndroidManifest.xml:9:22-78
14    <uses-permission android:name="android.permission.READ_EXTERNAL_STORAGE" />
14-->src\main\AndroidManifest.xml:10:5-80
14-->src\main\AndroidManifest.xml:10:22-77
15
16    <uses-feature
16-->src\main\AndroidManifest.xml:11:5-90
17        android:name="android.hardware.bluetooth_le"
17-->src\main\AndroidManifest.xml:11:19-63
18        android:required="false" />
18-->src\main\AndroidManifest.xml:11:64-88
19
20    <application
20-->src\main\AndroidManifest.xml:12:5-34:19
21        android:icon="@drawable/bluetooth_caliper"
21-->src\main\AndroidManifest.xml:14:9-51
22        android:label="@string/app_name"
22-->src\main\AndroidManifest.xml:13:9-41
23        android:theme="@style/TealBaseTheme" >
23-->src\main\AndroidManifest.xml:15:9-45
24        <activity
24-->src\main\AndroidManifest.xml:16:9-25:20
25            android:name="com.patrick.Sylvac_Calipers.MainActivity"
25-->src\main\AndroidManifest.xml:16:21-76
26            android:label="@string/app_name"
26-->src\main\AndroidManifest.xml:18:21-53
27            android:screenOrientation="portrait"
27-->src\main\AndroidManifest.xml:19:21-57
28            android:theme="@style/TealBaseTheme.NoActionBar"
28-->src\main\AndroidManifest.xml:20:21-69
29            android:windowSoftInputMode="adjustPan" >
29-->src\main\AndroidManifest.xml:17:21-60
30            <intent-filter>
30-->src\main\AndroidManifest.xml:21:13-24:29
31                <action android:name="android.intent.action.MAIN" />
31-->src\main\AndroidManifest.xml:22:17-68
31-->src\main\AndroidManifest.xml:22:25-66
32
33                <category android:name="android.intent.category.LAUNCHER" />
33-->src\main\AndroidManifest.xml:23:17-76
33-->src\main\AndroidManifest.xml:23:27-74
34            </intent-filter>
35        </activity>
36        <activity
36-->src\main\AndroidManifest.xml:26:9-29:62
37            android:name="com.patrick.Sylvac_Calipers.SettingsActivity"
37-->src\main\AndroidManifest.xml:27:13-45
38            android:label="Preference Activity"
38-->src\main\AndroidManifest.xml:28:13-48
39            android:theme="@style/TealbaseTheme.ActionBar" />
39-->src\main\AndroidManifest.xml:29:13-59
40        <activity
40-->src\main\AndroidManifest.xml:30:9-33:62
41            android:name="com.patrick.Sylvac_Calipers.HelpActivity"
41-->src\main\AndroidManifest.xml:31:13-41
42            android:label="Help Activity"
42-->src\main\AndroidManifest.xml:32:13-42
43            android:theme="@style/TealbaseTheme.ActionBar" />
43-->src\main\AndroidManifest.xml:33:13-59
44    </application>
45
46</manifest>